c:\visual studio 2015\projects\c++\v 1.0\maze\maze\debug\vc140.pdb
c:\visual studio 2015\projects\c++\v 1.0\maze\maze\debug\vc140.idb
c:\visual studio 2015\projects\c++\v 1.0\maze\maze\debug\character.obj
c:\visual studio 2015\projects\c++\v 1.0\maze\maze\debug\game.obj
c:\visual studio 2015\projects\c++\v 1.0\maze\maze\debug\hero.obj
c:\visual studio 2015\projects\c++\v 1.0\maze\maze\debug\item.obj
c:\visual studio 2015\projects\c++\v 1.0\maze\maze\debug\link.obj
c:\visual studio 2015\projects\c++\v 1.0\maze\maze\debug\maze.obj
c:\visual studio 2015\projects\c++\v 1.0\maze\maze\debug\monster.obj
c:\visual studio 2015\projects\c++\v 1.0\maze\maze\debug\source.obj
c:\visual studio 2015\projects\c++\v 1.0\maze\maze\debug\stack.obj
c:\visual studio 2015\projects\c++\v 1.0\maze\maze\debug\utility.obj
c:\visual studio 2015\projects\c++\v 1.0\maze\debug\maze.ilk
c:\visual studio 2015\projects\c++\v 1.0\maze\debug\maze.exe
c:\visual studio 2015\projects\c++\v 1.0\maze\debug\maze.pdb
c:\visual studio 2015\projects\c++\v 1.0\maze\maze\debug\maze.tlog\cl.command.1.tlog
c:\visual studio 2015\projects\c++\v 1.0\maze\maze\debug\maze.tlog\cl.read.1.tlog
c:\visual studio 2015\projects\c++\v 1.0\maze\maze\debug\maze.tlog\cl.write.1.tlog
c:\visual studio 2015\projects\c++\v 1.0\maze\maze\debug\maze.tlog\link.command.1.tlog
c:\visual studio 2015\projects\c++\v 1.0\maze\maze\debug\maze.tlog\link.read.1.tlog
c:\visual studio 2015\projects\c++\v 1.0\maze\maze\debug\maze.tlog\link.write.1.tlog
